2020-11-10 11:48:52 - INFO -  In t0_randomly_select_opponents: Player object (39)
2020-11-10 11:48:52 - INFO -  In t0_randomly_select_opponents: Player object (40)
2020-11-10 12:00:48 - INFO -  In t0_randomly_select_opponents: Player object (46) 
2020-11-10 12:00:48 - INFO -  In t0_randomly_select_opponents type: <class 'effort.models.Player'> 
2020-11-10 12:00:48 - INFO -  Player: <class 'effort.models.Player'> 
2020-11-10 12:00:48 - INFO -  In t0_randomly_select_opponents: Player object (46) 
2020-11-10 12:00:48 - INFO -  In t0_randomly_select_opponents type: <class 'effort.models.Player'> 
2020-11-10 12:00:48 - INFO -  Player: <class 'effort.models.Player'> 
2020-11-10 12:15:36 - INFO -  In available players: [<Player  1>, <Player  2>] 
2020-11-10 12:15:36 - INFO -  In t0_randomly_select_opponents: Player object (64) 
2020-11-10 12:15:36 - INFO -  In t0_randomly_select_opponents type: <class 'effort.models.Player'> 
2020-11-10 12:18:06 - INFO -  In available players: [<Player  1>, <Player  2>] 
2020-11-10 12:18:06 - INFO -  In t0_randomly_select_opponents: Player object (69) 
2020-11-10 12:19:33 - INFO -  In available players: [<Player  1>, <Player  2>] 
2020-11-10 12:19:33 - INFO -  In t0_randomly_select_opponents: Player object (69) 
2020-11-10 12:20:02 - INFO -  In available players: [<Player  1>, <Player  2>] 
2020-11-10 12:20:02 - INFO -  In t0_randomly_select_opponents: Player object (75) 
2020-11-10 14:06:27 - INFO - ('Player object (219)', '<Player  1>')
2020-11-10 14:06:27 - INFO - ('Player object (220)', '<Player  2>')
2020-11-10 15:01:35 - INFO -  full loop : [<Player  1>]
2020-11-10 15:01:35 - INFO -  all players: [[<Player  1>, <Player  2>]]
2020-11-10 15:01:35 - INFO -  full loop : [<Player  2>]
2020-11-10 15:01:35 - INFO -  all players: [[<Player  1>, <Player  2>]]
2020-11-10 15:01:35 - INFO -  full loop : []
2020-11-10 15:01:35 - INFO -  all players: [[<Player  1>, <Player  2>]]
2020-11-10 15:05:20 - INFO -  me, full loop : (<Player  1>, [<Player  2>])
2020-11-10 15:05:20 - INFO -  me, full loop : (<Player  2>, [<Player  2>])
2020-11-10 15:05:21 - INFO -  me, full loop : (<Player  1>, [])
2020-11-10 15:16:02 - INFO -  me, all players : (<Player  1>, [[<Player  1>, <Player  2>]])
2020-11-10 15:16:02 - INFO -  me, full loop : (<Player  1>, [<Player  1>])
2020-11-10 15:16:02 - INFO -  me, all players : (<Player  2>, [[<Player  1>, <Player  2>]])
2020-11-10 15:16:02 - INFO -  me, full loop : (<Player  2>, [<Player  2>])
2020-11-10 15:16:03 - INFO -  me, all players : (<Player  1>, [[<Player  1>, <Player  2>]])
2020-11-10 15:16:03 - INFO -  me, full loop : (<Player  1>, [])
2020-11-10 15:20:45 - INFO -  self.round_number, me, all players : (2, <Player  1>, [[<Player  1>, <Player  2>]])
2020-11-10 15:20:45 - INFO - self.round_number,  me, full loop : (2, <Player  1>, [<Player  1>])
2020-11-10 15:20:45 - INFO -  self.round_number, me, all players : (2, <Player  2>, [[<Player  1>, <Player  2>]])
2020-11-10 15:20:45 - INFO - self.round_number,  me, full loop : (2, <Player  2>, [<Player  2>])
2020-11-10 15:20:46 - INFO -  self.round_number, me, all players : (3, <Player  1>, [[<Player  1>, <Player  2>]])
2020-11-10 15:20:46 - INFO - self.round_number,  me, full loop : (3, <Player  1>, [])
2020-11-10 15:26:48 - INFO -  player.__repr__() in random select : <Player  1>
2020-11-10 15:26:48 - INFO -  self.round_number, me, all players : (2, <Player  1>, [[<Player  1>, <Player  2>]])
2020-11-10 15:26:48 - INFO - self.round_number,  me, full loop : (2, <Player  1>, [<Player  1>])
2020-11-10 15:26:48 - INFO -  player.__repr__() in random select : <Player  2>
2020-11-10 15:26:48 - INFO -  self.round_number, me, all players : (2, <Player  2>, [[<Player  1>, <Player  2>]])
2020-11-10 15:26:48 - INFO - self.round_number,  me, full loop : (2, <Player  2>, [<Player  2>])
2020-11-10 15:26:48 - INFO -  self.round_number, me, all players : (3, <Player  1>, [[<Player  1>, <Player  2>]])
2020-11-10 15:26:48 - INFO - self.round_number,  me, full loop : (3, <Player  1>, [])
2020-11-10 15:37:59 - INFO -  player.__repr__() in random select : Player object (141)
2020-11-10 15:37:59 - INFO -  player.__repr__() in random select : (<class 'str'>, '<Player  1>')
2020-11-10 15:37:59 - INFO -  self.round_number, me, all players: (2, <Player  1>, [[<Player  1>, <Player  2>]])
2020-11-10 15:37:59 - INFO - self.round_number,  me, full loop: (2, <Player  1>, [<Player  1>])
2020-11-10 15:37:59 - INFO -  player.__repr__() in random select : Player object (142)
2020-11-10 15:37:59 - INFO -  player.__repr__() in random select : (<class 'str'>, '<Player  2>')
2020-11-10 15:37:59 - INFO -  self.round_number, me, all players: (2, <Player  2>, [[<Player  1>, <Player  2>]])
2020-11-10 15:37:59 - INFO - self.round_number,  me, full loop: (2, <Player  2>, [<Player  2>])
2020-11-10 15:37:59 - INFO -  self.round_number, me, all players: (3, <Player  1>, [[<Player  1>, <Player  2>]])
2020-11-10 15:37:59 - INFO - self.round_number,  me, full loop: (3, <Player  1>, [])
2020-11-10 16:02:10 - INFO -  player.__repr__() in random select : Player object (148)
2020-11-10 16:02:10 - INFO -  player.__repr__() in random select : (<class 'str'>, '<Player  2>')
2020-11-10 16:02:10 - INFO -  self.round_number, me, all players: (2, <Player  1>, [[<Player  1>, <Player  2>]])
2020-11-10 16:02:10 - INFO - self.round_number,  me, full loop: (2, <Player  1>, [<Player  2>])
2020-11-10 16:06:56 - INFO -  player.get_others : [<Player  2>]
2020-11-10 16:06:56 - INFO -  player.__repr__() in random select : Player object (154)
2020-11-10 16:06:56 - INFO -  player.__repr__() in random select : (<class 'str'>, '<Player  2>')
2020-11-10 16:06:56 - INFO -  self.round_number, me, all players: (2, <Player  1>, [[<Player  1>, <Player  2>]])
2020-11-10 16:06:56 - INFO - self.round_number,  me, full loop: (2, <Player  1>, [<Player  2>])
2020-11-10 16:06:56 - INFO -  player.get_others : [<Player  1>]
2020-11-10 16:20:19 - INFO -  player.get_others : [<Player  2>]
2020-11-10 16:20:19 - INFO -  player.get_others : [<Player  2>]
2020-11-10 16:20:19 - INFO -  player.__repr__() in random select : Player object (160)
2020-11-10 16:20:19 - INFO -  player.__repr__() in random select : (<class 'str'>, '<Player  2>')
2020-11-10 16:20:19 - INFO -  self.round_number, me, all players: (2, <Player  1>, [[<Player  1>, <Player  2>]])
2020-11-10 16:20:19 - INFO - self.round_number,  me, full loop: (2, <Player  1>, [<Player  2>])
2020-11-10 16:20:19 - INFO -  player.get_others : [<Player  1>]
2020-11-10 16:20:19 - INFO -  player.get_others : []
2020-11-10 16:22:37 - INFO -  player.__repr__() in random select : Player object (166)
2020-11-10 16:22:37 - INFO -  player.__repr__() in random select : (<class 'str'>, '<Player  2>')
2020-11-10 16:22:37 - INFO -  self.round_number, me, all players: (2, <Player  1>, [[<Player  1>, <Player  2>]])
2020-11-10 16:22:37 - INFO - self.round_number,  me, full loop: (2, <Player  1>, [<Player  2>])
2020-11-10 16:22:37 - INFO -  player.__repr__() in random select : Player object (166)
2020-11-10 16:22:37 - INFO -  player.__repr__() in random select : (<class 'str'>, '<Player  2>')
2020-11-10 16:22:37 - INFO -  self.round_number, me, all players: (2, <Player  2>, [[<Player  1>, <Player  2>]])
2020-11-10 16:22:37 - INFO - self.round_number,  me, full loop: (2, <Player  2>, [])
2020-11-10 16:28:28 - INFO -  player in random select : Player object (172)
2020-11-10 16:28:28 - INFO -  player.__repr__() in random select : (<class 'str'>, '<Player  2>')
2020-11-10 16:28:28 - INFO -  self.round_number, me, all players: (2, <Player  1>, [[<Player  1>, <Player  2>]])
2020-11-10 16:28:28 - INFO - self.round_number,  me, full loop repr == self.id: (2, <Player  1>, [<Player  2>])
2020-11-10 16:28:28 - INFO -  player in random select : Player object (172)
2020-11-10 16:28:28 - INFO -  player.__repr__() in random select : (<class 'str'>, '<Player  2>')
2020-11-10 16:28:28 - INFO -  self.round_number, me, all players: (2, <Player  2>, [[<Player  1>, <Player  2>]])
2020-11-10 16:28:28 - INFO - self.round_number,  me, full loop repr == self.id: (2, <Player  2>, [])
2020-11-10 16:32:34 - INFO -  player in random select : Player object (178)
2020-11-10 16:32:34 - INFO -  player.__repr__() in random select : (<class 'str'>, '<Player  2>')
2020-11-10 16:32:34 - INFO -  self.round_number, me, all players: (2, <Player  1>, [[<Player  1>, <Player  2>]])
2020-11-10 16:32:34 - INFO - self.round_number,  me, full loop repr == self.id: (2, <Player  1>, [])
2020-11-10 16:33:28 - INFO -  player in random select : Player object (184)
2020-11-10 16:33:28 - INFO -  player.__repr__() in random select : (<class 'str'>, '<Player  2>')
2020-11-10 16:33:28 - INFO -  self.round_number, me, all players: (2, <Player  1>, [[<Player  1>, <Player  2>]])
2020-11-10 16:33:28 - INFO - self.round_number,  me, full loop repr == self.id: (2, <Player  1>, [<Player  2>])
2020-11-10 16:33:28 - INFO -  player in random select : Player object (183)
2020-11-10 16:33:28 - INFO -  player.__repr__() in random select : (<class 'str'>, '<Player  1>')
2020-11-10 16:33:28 - INFO -  self.round_number, me, all players: (2, <Player  2>, [[<Player  1>, <Player  2>]])
2020-11-10 16:33:28 - INFO - self.round_number,  me, full loop repr == self.id: (2, <Player  2>, [<Player  1>])
2020-11-10 16:33:29 - INFO -  self.round_number, me, all players: (3, <Player  1>, [[<Player  1>, <Player  2>]])
2020-11-10 16:33:29 - INFO - self.round_number,  me, full loop repr == self.id: (3, <Player  1>, [])
2020-11-10 16:38:05 - INFO -  player in random select : Player object (4)
2020-11-10 16:38:05 - INFO -  player.__repr__() in random select : (<class 'str'>, '<Player  2>')
2020-11-10 16:38:05 - INFO -  self.round_number, me, all players: (2, <Player  1>, [[<Player  1>, <Player  2>]])
2020-11-10 16:38:05 - INFO - self.round_number,  me, full loop repr == self.id: (2, <Player  1>, [<Player  2>])
2020-11-10 16:38:05 - INFO -  player in random select : Player object (3)
2020-11-10 16:38:05 - INFO -  player.__repr__() in random select : (<class 'str'>, '<Player  1>')
2020-11-10 16:38:05 - INFO -  self.round_number, me, all players: (2, <Player  2>, [[<Player  1>, <Player  2>]])
2020-11-10 16:38:05 - INFO - self.round_number,  me, full loop repr == self.id: (2, <Player  2>, [<Player  1>])
2020-11-10 16:38:06 - INFO -  self.round_number, me, all players: (3, <Player  1>, [[<Player  1>, <Player  2>]])
2020-11-10 16:38:06 - INFO - self.round_number,  me, full loop repr == self.id: (3, <Player  1>, [])
2020-11-10 16:44:38 - INFO -  player in random select : Player object (18)
2020-11-10 16:44:38 - INFO -  player.__repr__() in random select : (<class 'str'>, '<Player  2>')
2020-11-10 16:44:38 - INFO - self.id_of_paired_player: <Player  2>
2020-11-10 16:44:38 - INFO -  self.round_number, me, all players: (2, <Player  1>, [[<Player  1>, <Player  2>, <Player  3>, <Player  4>]])
2020-11-10 16:44:38 - INFO - self.round_number,  me, full loop repr == self.id: (2, <Player  1>, [<Player  2>])
2020-11-10 16:44:38 - INFO -  player in random select : Player object (18)
2020-11-10 16:44:38 - INFO -  player.__repr__() in random select : (<class 'str'>, '<Player  2>')
2020-11-10 16:44:38 - INFO - self.id_of_paired_player: <Player  2>
2020-11-10 16:44:38 - INFO -  self.round_number, me, all players: (2, <Player  2>, [[<Player  1>, <Player  2>, <Player  3>, <Player  4>]])
2020-11-10 16:44:38 - INFO - self.round_number,  me, full loop repr == self.id: (2, <Player  2>, [])
2020-11-10 16:48:53 - INFO -  player in random select : Player object (32)
2020-11-10 16:48:53 - INFO -  player.__repr__() in random select : (<class 'str'>, '<Player  4>')
2020-11-10 16:48:53 - INFO - self.id_of_paired_player: <Player  4>
2020-11-10 16:48:53 - INFO -  self.round_number, me, all players: (2, <Player  1>, [[<Player  1>, <Player  2>, <Player  3>, <Player  4>]])
2020-11-10 16:48:53 - INFO - self.round_number,  me, full loop repr == self.id: (2, <Player  1>, [<Player  4>])
2020-11-10 16:48:54 - INFO -  player in random select : Player object (32)
2020-11-10 16:48:54 - INFO -  player.__repr__() in random select : (<class 'str'>, '<Player  4>')
2020-11-10 16:48:54 - INFO - self.id_of_paired_player: <Player  4>
2020-11-10 16:48:54 - INFO -  self.round_number, me, all players: (2, <Player  2>, [[<Player  1>, <Player  2>, <Player  3>, <Player  4>]])
2020-11-10 16:48:54 - INFO - self.round_number,  me, full loop repr == self.id: (2, <Player  2>, [<Player  4>])
2020-11-10 16:48:54 - INFO -  player in random select : Player object (31)
2020-11-10 16:48:54 - INFO -  player.__repr__() in random select : (<class 'str'>, '<Player  3>')
2020-11-10 16:48:54 - INFO - self.id_of_paired_player: <Player  3>
2020-11-10 16:48:54 - INFO -  self.round_number, me, all players: (2, <Player  3>, [[<Player  1>, <Player  2>, <Player  3>, <Player  4>]])
2020-11-10 16:48:54 - INFO - self.round_number,  me, full loop repr == self.id: (2, <Player  3>, [<Player  3>])
2020-11-10 16:48:54 - INFO -  player in random select : Player object (30)
2020-11-10 16:48:54 - INFO -  player.__repr__() in random select : (<class 'str'>, '<Player  2>')
2020-11-10 16:48:54 - INFO - self.id_of_paired_player: <Player  2>
2020-11-10 16:48:54 - INFO -  self.round_number, me, all players: (2, <Player  4>, [[<Player  1>, <Player  2>, <Player  3>, <Player  4>]])
2020-11-10 16:48:54 - INFO - self.round_number,  me, full loop repr == self.id: (2, <Player  4>, [<Player  2>])
2020-11-10 16:48:56 - INFO -  self.round_number, me, all players: (3, <Player  1>, [[<Player  1>, <Player  2>, <Player  3>, <Player  4>]])
2020-11-10 16:48:56 - INFO - self.round_number,  me, full loop repr == self.id: (3, <Player  1>, [<Player  4>])
2020-11-10 17:31:58 - INFO -  player in random select : Player object (40)
2020-11-10 17:31:58 - INFO -  player.__repr__() in random select : (<class 'str'>, '<Player  2>')
2020-11-10 17:31:58 - INFO - self.id_of_paired_player: <Player  2>
2020-11-10 17:31:58 - INFO -  self.round_number, me, all players: (2, <Player  1>, [[<Player  1>, <Player  2>]])
2020-11-10 17:31:58 - INFO - self.round_number,  me, full loop repr == self.id: (2, <Player  1>, [<Player  2>])
2020-11-10 17:31:58 - INFO -  player in random select : Player object (40)
2020-11-10 17:31:58 - INFO -  player.__repr__() in random select : (<class 'str'>, '<Player  2>')
2020-11-10 17:31:58 - INFO - self.id_of_paired_player: <Player  2>
2020-11-10 17:31:58 - INFO -  self.round_number, me, all players: (2, <Player  2>, [[<Player  1>, <Player  2>]])
2020-11-10 17:31:58 - INFO - self.round_number,  me, full loop repr == self.id: (2, <Player  2>, [<Player  2>])
2020-11-10 17:31:59 - INFO -  self.round_number, me, all players: (3, <Player  1>, [[<Player  1>, <Player  2>]])
2020-11-10 17:31:59 - INFO - self.round_number,  me, full loop repr == self.id: (3, <Player  1>, [<Player  2>])
2020-11-10 17:41:33 - INFO - self.id_of_paired_player: Player  2
2020-11-10 17:41:33 - INFO -  self.round_number, me, all players: (2, <Player  1>, [[<Player  1>, <Player  2>]])
2020-11-10 17:41:33 - INFO - self.round_number,  me, full loop repr == self.id: (2, <Player  1>, [])
2020-11-10 17:42:37 - INFO - self.id_of_paired_player: Player  1
2020-11-10 17:42:37 - INFO -  self.round_number, me, all players: (2, <Player  1>, [[<Player  1>, <Player  2>]])
2020-11-10 17:42:37 - INFO - self.round_number,  me, full loop repr == self.id: (2, <Player  1>, [<Player  1>])
2020-11-10 17:43:19 - INFO - self.id_of_paired_player: Player  2
2020-11-10 17:43:19 - INFO -  self.round_number, me, all players: (2, <Player  1>, [[<Player  1>, <Player  2>]])
2020-11-10 17:43:19 - INFO - self.round_number,  me, full loop repr == self.id: (2, <Player  1>, [<Player  2>])
2020-11-10 17:43:19 - INFO - self.id_of_paired_player: Player  2
2020-11-10 17:43:19 - INFO -  self.round_number, me, all players: (2, <Player  2>, [[<Player  1>, <Player  2>]])
2020-11-10 17:43:19 - INFO - self.round_number,  me, full loop repr == self.id: (2, <Player  2>, [<Player  2>])
2020-11-10 17:43:19 - INFO -  self.round_number, me, all players: (3, <Player  1>, [[<Player  1>, <Player  2>]])
2020-11-10 17:43:19 - INFO - self.round_number,  me, full loop repr == self.id: (3, <Player  1>, [<Player  2>])
2020-11-10 17:44:45 - INFO - self.id_of_paired_player: Player  2
2020-11-10 17:44:45 - INFO -  self.round_number, me, all players: (2, <Player  1>, [[<Player  1>, <Player  2>]])
2020-11-10 17:44:45 - INFO - self.round_number,  me, full loop repr == self.id: (2, <Player  1>, [<Player  2>])
2020-11-10 17:44:45 - INFO - self.id_of_paired_player: Player  1
2020-11-10 17:44:45 - INFO -  self.round_number, me, all players: (2, <Player  2>, [[<Player  1>, <Player  2>]])
2020-11-10 17:44:45 - INFO - self.round_number,  me, full loop repr == self.id: (2, <Player  2>, [<Player  1>])
2020-11-10 17:44:46 - INFO -  self.round_number, me, all players: (3, <Player  1>, [[<Player  1>, <Player  2>]])
2020-11-10 17:44:46 - INFO - self.round_number,  me, full loop repr == self.id: (3, <Player  1>, [<Player  2>])
2020-11-10 17:47:59 - INFO - self.id_of_paired_player: Player  2
2020-11-10 17:47:59 - INFO -  self.round_number, me, all players: (2, <Player  1>, [[<Player  1>, <Player  2>]])
2020-11-10 17:47:59 - INFO - self.round_number,  me, full loop repr == self.id: (2, <Player  1>, [<Player  2>])
2020-11-10 17:47:59 - INFO - self.id_of_paired_player: Player  1
2020-11-10 17:47:59 - INFO -  self.round_number, me, all players: (2, <Player  2>, [[<Player  1>, <Player  2>]])
2020-11-10 17:47:59 - INFO - self.round_number,  me, full loop repr == self.id: (2, <Player  2>, [<Player  1>])
2020-11-10 17:47:59 - INFO -  self.round_number, me, all players: (3, <Player  1>, [[<Player  1>, <Player  2>]])
2020-11-10 17:47:59 - INFO - self.round_number,  me, full loop repr == self.id: (3, <Player  1>, [<Player  2>])
2020-11-10 17:47:59 - INFO -  self.round_number, me, all players: (3, <Player  2>, [[<Player  1>, <Player  2>]])
2020-11-10 17:47:59 - INFO - self.round_number,  me, full loop repr == self.id: (3, <Player  2>, [<Player  1>])
